Arguments: 
  C:\Program Files\nodejs\node.exe C:\Users\Zishan\AppData\Roaming\npm\node_modules\yarn\bin\yarn.js add express.js

PATH: 
  C:\WINDOWS\system32;C:\WINDOWS;C:\WINDOWS\System32\Wbem;C:\WINDOWS\System32\WindowsPowerShell\v1.0\;C:\WINDOWS\System32\OpenSSH\;C:\Program Files\Git\cmd;C:\Program Files (x86)\dotnet\;C:\Program Files\nodejs\;C:\Users\Zishan\AppData\Local\Programs\Python\Python310\Scripts\;C:\Users\Zishan\AppData\Local\Programs\Python\Python310\;C:\Users\Zishan\AppData\Local\Microsoft\WindowsApps;C:\Users\Zishan\AppData\Local\Programs\Microsoft VS Code\bin;C:\Users\Zishan\AppData\Local\GitHubDesktop\bin;C:\Users\Zishan\AppData\Roaming\npm\node_modules;C:\Program Files\heroku\bin;C:\Users\Zishan\AppData\Roaming\npm

Yarn version: 
  1.22.18

Node version: 
  18.4.0

Platform: 
  win32 x64

Trace: 
  Error: getaddrinfo ENOTFOUND registry.yarnpkg.com
      at GetAddrInfoReqWrap.onlookup [as oncomplete] (node:dns:84:26)

npm manifest: 
  {
    "name": "assignmentOne",
    "version": "1.0.0",
    "main": "index.js",
    "license": "MIT"
  }

yarn manifest: 
  No manifest

Lockfile: 
  No lockfile
